<?xml version="1.0" encoding="UTF-8"?>
<!-- Generated by org.testng.reporters.JUnitReportReporter -->
<testsuite hostname="LTIN299546" name="testclass.TestClass" tests="1" failures="0" timestamp="30 Mar 2022 12:15:05 GMT" time="56.179" errors="0">
  <testcase name="test" time="56.179" classname="testclass.TestClass"/>
</testsuite> <!-- testclass.TestClass -->
