<?xml version="1.0" encoding="UTF-8"?>
<!-- Generated by org.testng.reporters.JUnitReportReporter -->
<testsuite hostname="mohammadsohil" failures="0" tests="1" name="testclass.RunTest" time="5.961" errors="0" timestamp="2022-12-02T17:29:56 IST" skipped="0">
  <testcase classname="testclass.RunTest" name="testWorldClock" time="5.961"/>
  <system-out/>
</testsuite> <!-- testclass.RunTest -->
